0 info it worked if it ends with ok
1 verbose cli [ 'node', '/usr/local/bin/npm', 'publish', './' ]
2 info using npm@1.4.3
3 info using node@v0.10.26
4 verbose node symlink /usr/bin/node
5 verbose publish [ './' ]
6 verbose cache add [ './', null ]
7 verbose cache add name=undefined spec="./" args=["./",null]
8 verbose parsed url { protocol: null,
8 verbose parsed url   slashes: null,
8 verbose parsed url   auth: null,
8 verbose parsed url   host: null,
8 verbose parsed url   port: null,
8 verbose parsed url   hostname: null,
8 verbose parsed url   hash: null,
8 verbose parsed url   search: null,
8 verbose parsed url   query: null,
8 verbose parsed url   pathname: './',
8 verbose parsed url   path: './',
8 verbose parsed url   href: './' }
9 silly lockFile 0ee6c175- ./
10 verbose lock ./ /Users/Cyril/.npm/0ee6c175-.lock
11 verbose tar pack [ '/Users/Cyril/tmp/npm-63488-KAAms3oQ/1422260180468-0.3711040432099253/tmp.tgz',
11 verbose tar pack   './' ]
12 verbose tarball /Users/Cyril/tmp/npm-63488-KAAms3oQ/1422260180468-0.3711040432099253/tmp.tgz
13 verbose folder ./
14 info prepublish color-palette@0.0.1
15 silly lockFile 04cb2bca-tar tar://./
16 verbose lock tar://./ /Users/Cyril/.npm/04cb2bca-tar.lock
17 silly lockFile f266e562-80468-0-3711040432099253-tmp-tgz tar:///Users/Cyril/tmp/npm-63488-KAAms3oQ/1422260180468-0.3711040432099253/tmp.tgz
18 verbose lock tar:///Users/Cyril/tmp/npm-63488-KAAms3oQ/1422260180468-0.3711040432099253/tmp.tgz /Users/Cyril/.npm/f266e562-80468-0-3711040432099253-tmp-tgz.lock
19 silly lockFile 04cb2bca-tar tar://./
20 silly lockFile 04cb2bca-tar tar://./
21 silly lockFile f266e562-80468-0-3711040432099253-tmp-tgz tar:///Users/Cyril/tmp/npm-63488-KAAms3oQ/1422260180468-0.3711040432099253/tmp.tgz
22 silly lockFile f266e562-80468-0-3711040432099253-tmp-tgz tar:///Users/Cyril/tmp/npm-63488-KAAms3oQ/1422260180468-0.3711040432099253/tmp.tgz
23 verbose tar unpack /Users/Cyril/tmp/npm-63488-KAAms3oQ/1422260180468-0.3711040432099253/tmp.tgz
24 silly lockFile 570ca85d-80468-0-3711040432099253-package tar:///Users/Cyril/tmp/npm-63488-KAAms3oQ/1422260180468-0.3711040432099253/package
25 verbose lock tar:///Users/Cyril/tmp/npm-63488-KAAms3oQ/1422260180468-0.3711040432099253/package /Users/Cyril/.npm/570ca85d-80468-0-3711040432099253-package.lock
26 silly lockFile f266e562-80468-0-3711040432099253-tmp-tgz tar:///Users/Cyril/tmp/npm-63488-KAAms3oQ/1422260180468-0.3711040432099253/tmp.tgz
27 verbose lock tar:///Users/Cyril/tmp/npm-63488-KAAms3oQ/1422260180468-0.3711040432099253/tmp.tgz /Users/Cyril/.npm/f266e562-80468-0-3711040432099253-tmp-tgz.lock
28 silly gunzTarPerm modes [ '755', '644' ]
29 silly gunzTarPerm extractEntry package.json
30 silly gunzTarPerm extractEntry .npmignore
31 silly gunzTarPerm extractEntry README.md
32 silly gunzTarPerm extractEntry index.js
33 silly gunzTarPerm extractEntry test.js
34 silly gunzTarPerm extractEntry index.coffee
35 silly gunzTarPerm extractEntry src/index.js
36 silly gunzTarPerm extractEntry src/color-palette.sh
37 silly gunzTarPerm extractEntry src/index.coffee
38 silly gunzTarPerm extractEntry test.coffee
39 silly gunzTarPerm extractEntry test.jpg
40 silly gunzTarPerm extractEntry test_demo.png
41 silly lockFile 570ca85d-80468-0-3711040432099253-package tar:///Users/Cyril/tmp/npm-63488-KAAms3oQ/1422260180468-0.3711040432099253/package
42 silly lockFile 570ca85d-80468-0-3711040432099253-package tar:///Users/Cyril/tmp/npm-63488-KAAms3oQ/1422260180468-0.3711040432099253/package
43 silly lockFile f266e562-80468-0-3711040432099253-tmp-tgz tar:///Users/Cyril/tmp/npm-63488-KAAms3oQ/1422260180468-0.3711040432099253/tmp.tgz
44 silly lockFile f266e562-80468-0-3711040432099253-tmp-tgz tar:///Users/Cyril/tmp/npm-63488-KAAms3oQ/1422260180468-0.3711040432099253/tmp.tgz
45 verbose tar pack [ '/Users/Cyril/.npm/color-palette/0.0.1/package.tgz',
45 verbose tar pack   '/Users/Cyril/tmp/npm-63488-KAAms3oQ/1422260180468-0.3711040432099253/package' ]
46 verbose tarball /Users/Cyril/.npm/color-palette/0.0.1/package.tgz
47 verbose folder /Users/Cyril/tmp/npm-63488-KAAms3oQ/1422260180468-0.3711040432099253/package
48 silly lockFile 570ca85d-80468-0-3711040432099253-package tar:///Users/Cyril/tmp/npm-63488-KAAms3oQ/1422260180468-0.3711040432099253/package
49 verbose lock tar:///Users/Cyril/tmp/npm-63488-KAAms3oQ/1422260180468-0.3711040432099253/package /Users/Cyril/.npm/570ca85d-80468-0-3711040432099253-package.lock
50 silly lockFile 11ade530--color-palette-0-0-1-package-tgz tar:///Users/Cyril/.npm/color-palette/0.0.1/package.tgz
51 verbose lock tar:///Users/Cyril/.npm/color-palette/0.0.1/package.tgz /Users/Cyril/.npm/11ade530--color-palette-0-0-1-package-tgz.lock
52 silly lockFile 570ca85d-80468-0-3711040432099253-package tar:///Users/Cyril/tmp/npm-63488-KAAms3oQ/1422260180468-0.3711040432099253/package
53 silly lockFile 570ca85d-80468-0-3711040432099253-package tar:///Users/Cyril/tmp/npm-63488-KAAms3oQ/1422260180468-0.3711040432099253/package
54 silly lockFile 11ade530--color-palette-0-0-1-package-tgz tar:///Users/Cyril/.npm/color-palette/0.0.1/package.tgz
55 silly lockFile 11ade530--color-palette-0-0-1-package-tgz tar:///Users/Cyril/.npm/color-palette/0.0.1/package.tgz
56 silly lockFile 0f931f5f--npm-color-palette-0-0-1-package /Users/Cyril/.npm/color-palette/0.0.1/package
57 verbose lock /Users/Cyril/.npm/color-palette/0.0.1/package /Users/Cyril/.npm/0f931f5f--npm-color-palette-0-0-1-package.lock
58 silly lockFile 0f931f5f--npm-color-palette-0-0-1-package /Users/Cyril/.npm/color-palette/0.0.1/package
59 silly lockFile 0f931f5f--npm-color-palette-0-0-1-package /Users/Cyril/.npm/color-palette/0.0.1/package
60 verbose tar unpack /Users/Cyril/.npm/color-palette/0.0.1/package.tgz
61 silly lockFile f9efa0df--npm-color-palette-0-0-1-package tar:///Users/Cyril/.npm/color-palette/0.0.1/package
62 verbose lock tar:///Users/Cyril/.npm/color-palette/0.0.1/package /Users/Cyril/.npm/f9efa0df--npm-color-palette-0-0-1-package.lock
63 silly lockFile 11ade530--color-palette-0-0-1-package-tgz tar:///Users/Cyril/.npm/color-palette/0.0.1/package.tgz
64 verbose lock tar:///Users/Cyril/.npm/color-palette/0.0.1/package.tgz /Users/Cyril/.npm/11ade530--color-palette-0-0-1-package-tgz.lock
65 silly gunzTarPerm modes [ '755', '644' ]
66 silly gunzTarPerm extractEntry package.json
67 silly gunzTarPerm extractEntry .npmignore
68 silly gunzTarPerm extractEntry README.md
69 silly gunzTarPerm extractEntry index.js
70 silly gunzTarPerm extractEntry test.js
71 silly gunzTarPerm extractEntry index.coffee
72 silly gunzTarPerm extractEntry src/index.js
73 silly gunzTarPerm extractEntry src/color-palette.sh
74 silly gunzTarPerm extractEntry src/index.coffee
75 silly gunzTarPerm extractEntry test.coffee
76 silly gunzTarPerm extractEntry test.jpg
77 silly gunzTarPerm extractEntry test_demo.png
78 silly lockFile f9efa0df--npm-color-palette-0-0-1-package tar:///Users/Cyril/.npm/color-palette/0.0.1/package
79 silly lockFile f9efa0df--npm-color-palette-0-0-1-package tar:///Users/Cyril/.npm/color-palette/0.0.1/package
80 silly lockFile 11ade530--color-palette-0-0-1-package-tgz tar:///Users/Cyril/.npm/color-palette/0.0.1/package.tgz
81 silly lockFile 11ade530--color-palette-0-0-1-package-tgz tar:///Users/Cyril/.npm/color-palette/0.0.1/package.tgz
82 verbose chmod /Users/Cyril/.npm/color-palette/0.0.1/package.tgz 644
83 verbose chown /Users/Cyril/.npm/color-palette/0.0.1/package.tgz [ 501, 20 ]
84 silly lockFile 0ee6c175- ./
85 silly lockFile 0ee6c175- ./
86 silly publish { name: 'color-palette',
86 silly publish   version: '0.0.1',
86 silly publish   description: 'Generate color palette with nodejs and ImageMagick. ',
86 silly publish   main: 'index.js',
86 silly publish   scripts: { test: 'node test' },
86 silly publish   repository:
86 silly publish    { type: 'git',
86 silly publish      url: 'git@bitbucket.org:cyr1l/color-palette.git' },
86 silly publish   keywords: [ 'color', 'palette', 'nodejs', 'node.js', 'ImageMagick' ],
86 silly publish   author: { name: 'Cyril Hou', email: 'houshoushuai@gmail.com' },
86 silly publish   license: 'MIT',
86 silly publish   readme: '### A ImageMagick Script Can Generate Color Palettes JSON Format.\n\n#### Install\n\nFirst download and install  [ImageMagick](http://www.imagemagick.org/). In Mac OS X, you can simply use [Homebrew](http://mxcl.github.io/homebrew/) and do:\n\n    brew install imagemagick\n\nthen either use npm:\n\n    npm install color-palette\n\nor clone the repo:\n\n    git clone git://github.com/cyrilis/color-palette.git\n\n#### Usage :\n\n```javascript\n    var colorPalette = require("colorPalette");\n\n    colorPalette("/path/to/img", 8, function(err, colors){\n\n        if(err){\n            console.error(err);\n            return false;\n        }\n\n        console.log(colors);\n\n    });\n```\n#### Result JSON:\n```json\n{\n    "result": [\n        {\n            "counts": "272530",\n            "rgb": "228,234,237",\n            "hex": "E4EAED",\n            "percent": "29.57%"\n        },\n        {\n            "counts": "148684",\n            "rgb": "172,142,114",\n            "hex": "AC8E72",\n            "percent": "16.13%"\n        },\n        {\n            "counts": "133115",\n            "rgb": "191,181,170",\n            "hex": "BFB5AA",\n            "percent": "14.44%"\n        },\n        {\n            "counts": "103595",\n            "rgb": "95,11,9",\n            "hex": "5F0B09",\n            "percent": "11.24%"\n        },\n        {\n            "counts": "100268",\n            "rgb": "201,177,152",\n            "hex": "C9B198",\n            "percent": "10.88%"\n        },\n        {\n            "counts": "84419",\n            "rgb": "163,59,55",\n            "hex": "A33B37",\n            "percent": "9.16%"\n        },\n        {\n            "counts": "66604",\n            "rgb": "57,20,15",\n            "hex": "39140F",\n            "percent": "7.23%"\n        },\n        {\n            "counts": "12385",\n            "rgb": "189,113,141",\n            "hex": "BD718D",\n            "percent": "1.34%"\n        }\n    ]\n}\n```\n\n#### Test Image\n![Test Image](https://github.com/cyrilis/color-palette/raw/master/test.jpg)\n#### Example\n![Demo Image](https://github.com/cyrilis/color-palette/raw/master/test_demo.png)\n\n\n',
86 silly publish   readmeFilename: 'README.md',
86 silly publish   _id: 'color-palette@0.0.1',
86 silly publish   dist: { shasum: '2b30c61a6298b733299217a694c81a9e13a0889e' },
86 silly publish   _from: './' }
87 verbose url raw color-palette
88 verbose url resolving [ 'https://registry.npmjs.org/', './color-palette' ]
89 verbose url resolved https://registry.npmjs.org/color-palette
90 info trying registry request attempt 1 at 16:16:20
91 http PUT https://registry.npmjs.org/color-palette
92 http 403 https://registry.npmjs.org/color-palette
93 error publish Failed PUT 403
94 error Error: forbidden user: cyrilis not authorized to modify color-palette
94 error Changed: description "Get a color palette from a uri using phantomjs and color-thief" -> "Generate color palette with nodejs and ImageMagick. "
94 error Changed: dist-tags.latest "1.0.3" -> "0.0.1"
94 error Added: versions.0.0.1
94 error Changed: readme "# color-palette\u000a\u000a[![Build Status](https://travis-ci.org/skratchdot/color-palette.png?branch=master)](https://travis-ci.org/skratchdot/color-palette)\u000a[![Dependency Status](https://david-dm.org/skratchdot/color-palette.svg)](https://david-dm.org/skratchdot/color-palette)\u000a[![devDependency Status](https://david-dm.org/skratchdot/color-palette/dev-status.svg)](https://david-dm.org/skratchdot/color-palette#info=devDependencies)\u000a\u000a\u000a## Description\u000a\u000acolor-palette is a command line tool that uses\u000a[phantomjs](http://phantomjs.org/) and [color-thief](https://github.com/lokesh/color-thief)\u000ato get a color palette from a website or an image.\u000aAny resource that can be opened in phantomjs can be used.\u000a\u000a\u000a## Installation\u000a\u000aInstall the command line tool globally by running:\u000a\u000a    npm install -g color-palette\u000a\u000a\u000a## Usage\u000a\u000a    Usage: color-palette [options] <resource>\u000a\u000a\u000a## Options\u000a\u000a    -h, --help               output usage information\u000a    -v, --version            output the version number\u000a    -s, --size <size>        the target size of the color palette (might return +/- 2)\u000a    -q, --quality <quality>  the quality of the colors (0 is highest, 10 is default)\u000a    -i, --image              add image to output\u000a    -o, --output [type]      specify the output type: text, json, or html\u000a\u000a\u000a## Examples\u000a\u000aGet a color palette for google.com\u000a```bash\u000a$ color-palette http://google.com\u000a      Resource: http://google.com\u000a       Success: true\u000aDominant Color: #2d2f2e\u000a       Palette: #dcd7d2,#2b2b2b,#2a5fe3,#d94835,#30a28f,#7a7a7a,#049451\u000a```\u000a\u000aGet a color palette for amazon.com, output should be in json format\u000a```bash\u000a$ color-palette -o json http://amazon.com\u000a{\u000a  \"resource\": \"http://amazon.com\",\u000a  \"uri\": \"http://amazon.com\",\u000a  \"success\": true,\u000a  \"dominantColor\": \"#253a4f\",\u000a  \"palette\": [\u000a    \"#24364b\",\u000a    \"#dadbda\",\u000a    \"#84454a\",\u000a    \"#c38f3d\",\u000a    \"#758b9d\",\u000a    \"#ad8989\",\u000a    \"#2ea9c3\"\u000a  ]\u000a}\u000a```\u000a\u000aGet an html report for amazon.com and open it\u000a```bash\u000a$ color-palette -o html http://amazon.com > output.html & open output.html\u000a\u000a# alternative version if you're using OSX w/ homebrew `brew install browser`:\u000a$ color-palette -o html http://amazon.com > output.html | browser\u000a```\u000a\u000aGet a color palette for reddit.com, include a screenshot in the json output\u000a```bash\u000acolor-palette -i -j http://reddit.com > output.json\u000a```\u000a***NOTE: when including the image switch, the output is very large\u000adue to the base64 encoded image data uri***\u000a\u000a\u000a## See Also\u000a\u000a- [Color Thief](http://lokeshdhakar.com/projects/color-thief/) - This is the library that \u000a  I use to get palette information in the color-palette cli.\u000a- [Pictaculous](http://www.pictaculous.com/) - Upload an image and get it's palatte. They provide\u000a  a [free api](http://www.pictaculous.com/api/) as well. At some point I might integrate this API\u000a  into the color-palette cli.\u000a- [url2png](https://www.url2png.com/) - An API for taking screenshots of websites. Currently, I'm\u000a  using phantomjs for taking screenshots, but combining the url2png and pictaculous APIs would be\u000a  an alternative to using color-palette.\u000a\u000a\u000a## License\u000a\u000aCopyright (c) 2014 skratchdot  \u000aLicensed under the MIT license.\u000a\u000a" -> "### A ImageMagick Script Can Generate Color Palettes JSON Format.\u000a\u000a#### Install\u000a\u000aFirst download and install  [ImageMagick](http://www.imagemagick.org/). In Mac OS X, you can simply use [Homebrew](http://mxcl.github.io/homebrew/) and do:\u000a\u000a    brew install imagemagick\u000a\u000athen either use npm:\u000a\u000a    npm install color-palette\u000a\u000aor clone the repo:\u000a\u000a    git clone git://github.com/cyrilis/color-palette.git\u000a\u000a#### Usage :\u000a\u000a```javascript\u000a    var colorPalette = require(\"colorPalette\");\u000a\u000a    colorPalette(\"/path/to/img\", 8, function(err, colors){\u000a\u000a        if(err){\u000a            console.error(err);\u000a            return false;\u000a        }\u000a\u000a        console.log(colors);\u000a\u000a    });\u000a```\u000a#### Result JSON:\u000a```json\u000a{\u000a    \"result\": [\u000a        {\u000a            \"counts\": \"272530\",\u000a            \"rgb\": \"228,234,237\",\u000a            \"hex\": \"E4EAED\",\u000a            \"percent\": \"29.57%\"\u000a        },\u000a        {\u000a            \"counts\": \"148684\",\u000a            \"rgb\": \"172,142,114\",\u000a            \"hex\": \"AC8E72\",\u000a            \"percent\": \"16.13%\"\u000a        },\u000a        {\u000a            \"counts\": \"133115\",\u000a            \"rgb\": \"191,181,170\",\u000a            \"hex\": \"BFB5AA\",\u000a            \"percent\": \"14.44%\"\u000a        },\u000a        {\u000a            \"counts\": \"103595\",\u000a            \"rgb\": \"95,11,9\",\u000a            \"hex\": \"5F0B09\",\u000a            \"percent\": \"11.24%\"\u000a        },\u000a        {\u000a            \"counts\": \"100268\",\u000a            \"rgb\": \"201,177,152\",\u000a            \"hex\": \"C9B198\",\u000a            \"percent\": \"10.88%\"\u000a        },\u000a        {\u000a            \"counts\": \"84419\",\u000a            \"rgb\": \"163,59,55\",\u000a            \"hex\": \"A33B37\",\u000a            \"percent\": \"9.16%\"\u000a        },\u000a        {\u000a            \"counts\": \"66604\",\u000a            \"rgb\": \"57,20,15\",\u000a            \"hex\": \"39140F\",\u000a            \"percent\": \"7.23%\"\u000a        },\u000a        {\u000a            \"counts\": \"12385\",\u000a            \"rgb\": \"189,113,141\",\u000a            \"hex\": \"BD718D\",\u000a            \"percent\": \"1.34%\"\u000a        }\u000a    ]\u000a}\u000a```\u000a\u000a#### Test Image\u000a![Test Image](https://github.com/cyrilis/color-palette/raw/master/test.jpg)\u000a#### Example\u000a![Demo Image](https://github.com/cyrilis/color-palette/raw/master/test_demo.png)\u000a\u000a\u000a"
94 error Changed: time.modified "2014-10-28T01:02:03.651Z" -> "2015-01-26T08:19:21.725Z"
94 error Added: time.0.0.1
94 error Deleted: homepage
94 error Changed: keywords.2 "thief" -> "nodejs"
94 error Changed: keywords.3 "file" -> "node.js"
94 error Changed: keywords.4 "image" -> "ImageMagick"
94 error Deleted: keywords.5
94 error Deleted: keywords.6
94 error Deleted: keywords.7
94 error Deleted: keywords.8
94 error Deleted: keywords.9
94 error Deleted: keywords.10
94 error Deleted: keywords.11
94 error Deleted: keywords.12
94 error Deleted: keywords.13
94 error Changed: repository.url "git://github.com/skratchdot/color-palette.git" -> "git@bitbucket.org:cyr1l/color-palette.git"
94 error Changed: author.name "skratchdot" -> "Cyril Hou"
94 error Added: author.email
94 error Deleted: bugs
94 error Added: _attachments: color-palette
94 error     at RegClient.<anonymous> (/usr/local/lib/node_modules/npm/node_modules/npm-registry-client/lib/request.js:237:14)
94 error     at Request.self.callback (/usr/local/lib/node_modules/npm/node_modules/request/request.js:123:22)
94 error     at Request.EventEmitter.emit (events.js:98:17)
94 error     at Request.<anonymous> (/usr/local/lib/node_modules/npm/node_modules/request/request.js:893:14)
94 error     at Request.EventEmitter.emit (events.js:117:20)
94 error     at IncomingMessage.<anonymous> (/usr/local/lib/node_modules/npm/node_modules/request/request.js:844:12)
94 error     at IncomingMessage.EventEmitter.emit (events.js:117:20)
94 error     at _stream_readable.js:920:16
94 error     at process._tickCallback (node.js:415:13)
95 error If you need help, you may report this *entire* log,
95 error including the npm and node versions, at:
95 error     <http://github.com/npm/npm/issues>
96 error System Darwin 14.1.0
97 error command "node" "/usr/local/bin/npm" "publish" "./"
98 error cwd /Users/Cyril/Code/color-palette
99 error node -v v0.10.26
100 error npm -v 1.4.3
101 verbose exit [ 1, true ]
